The system is: Windows - 10.0.19045 - AMD64
Compiling the C compiler identification source file "CMakeCCompilerId.c" succeeded.
Compiler: C:/MinGW/bin/gcc.exe 
Build flags: 
Id flags:  

The output was:
0


Compilation of the C compiler identification source "CMakeCCompilerId.c" produced "a.exe"

The C compiler identification is GNU, found in "C:/Users/JPS/Desktop/TFT-PerfectTraits/build/CMakeFiles/3.23.1/CompilerIdC/a.exe"

Compiling the CXX compiler identification source file "CMakeCXXCompilerId.cpp" succeeded.
Compiler: C:/MinGW/bin/g++.exe 
Build flags: 
Id flags:  

The output was:
0


Compilation of the CXX compiler identification source "CMakeCXXCompilerId.cpp" produced "a.exe"

The CXX compiler identification is GNU, found in "C:/Users/JPS/Desktop/TFT-PerfectTraits/build/CMakeFiles/3.23.1/CompilerIdCXX/a.exe"

Determining if the C compiler works passed with the following output:
Change Dir: C:/Users/JPS/Desktop/TFT-PerfectTraits/build/CMakeFiles/CMakeTmp

Run Build Command(s):C:/MinGW/bin/mingw32-make.exe -f Makefile cmTC_875d5/fast && C:/MinGW/bin/mingw32-make.exe  -f CMakeFiles\cmTC_875d5.dir\build.make CMakeFiles/cmTC_875d5.dir/build
mingw32-make.exe[1]: Entering directory 'C:/Users/JPS/Desktop/TFT-PerfectTraits/build/CMakeFiles/CMakeTmp'
Building C object CMakeFiles/cmTC_875d5.dir/testCCompiler.c.obj
C:\MinGW\bin\gcc.exe    -o CMakeFiles\cmTC_875d5.dir\testCCompiler.c.obj -c C:\Users\JPS\Desktop\TFT-PerfectTraits\build\CMakeFiles\CMakeTmp\testCCompiler.c
Linking C executable cmTC_875d5.exe
"C:\Program Files\CMake\bin\cmake.exe" -E cmake_link_script CMakeFiles\cmTC_875d5.dir\link.txt --verbose=1
"C:\Program Files\CMake\bin\cmake.exe" -E rm -f CMakeFiles\cmTC_875d5.dir/objects.a
C:\MinGW\bin\ar.exe qc CMakeFiles\cmTC_875d5.dir/objects.a @CMakeFiles\cmTC_875d5.dir\objects1.rsp
C:\MinGW\bin\gcc.exe -Wl,--whole-archive CMakeFiles\cmTC_875d5.dir/objects.a -Wl,--no-whole-archive -o cmTC_875d5.exe -Wl,--out-implib,libcmTC_875d5.dll.a -Wl,--major-image-version,0,--minor-image-version,0 @CMakeFiles\cmTC_875d5.dir\linklibs.rsp
mingw32-make.exe[1]: Leaving directory 'C:/Users/JPS/Desktop/TFT-PerfectTraits/build/CMakeFiles/CMakeTmp'



Determining if the CXX compiler works passed with the following output:
Change Dir: C:/Users/JPS/Desktop/TFT-PerfectTraits/build/CMakeFiles/CMakeTmp

Run Build Command(s):C:/MinGW/bin/mingw32-make.exe -f Makefile cmTC_8db43/fast && C:/MinGW/bin/mingw32-make.exe  -f CMakeFiles\cmTC_8db43.dir\build.make CMakeFiles/cmTC_8db43.dir/build
mingw32-make.exe[1]: Entering directory 'C:/Users/JPS/Desktop/TFT-PerfectTraits/build/CMakeFiles/CMakeTmp'
Building CXX object CMakeFiles/cmTC_8db43.dir/testCXXCompiler.cxx.obj
C:\MinGW\bin\g++.exe    -o CMakeFiles\cmTC_8db43.dir\testCXXCompiler.cxx.obj -c C:\Users\JPS\Desktop\TFT-PerfectTraits\build\CMakeFiles\CMakeTmp\testCXXCompiler.cxx
Linking CXX executable cmTC_8db43.exe
"C:\Program Files\CMake\bin\cmake.exe" -E cmake_link_script CMakeFiles\cmTC_8db43.dir\link.txt --verbose=1
"C:\Program Files\CMake\bin\cmake.exe" -E rm -f CMakeFiles\cmTC_8db43.dir/objects.a
C:\MinGW\bin\ar.exe qc CMakeFiles\cmTC_8db43.dir/objects.a @CMakeFiles\cmTC_8db43.dir\objects1.rsp
C:\MinGW\bin\g++.exe -Wl,--whole-archive CMakeFiles\cmTC_8db43.dir/objects.a -Wl,--no-whole-archive -o cmTC_8db43.exe -Wl,--out-implib,libcmTC_8db43.dll.a -Wl,--major-image-version,0,--minor-image-version,0 @CMakeFiles\cmTC_8db43.dir\linklibs.rsp
mingw32-make.exe[1]: Leaving directory 'C:/Users/JPS/Desktop/TFT-PerfectTraits/build/CMakeFiles/CMakeTmp'



